<?xml version="1.0" encoding="UTF-8"?>
<!-- Generated by org.testng.reporters.JUnitXMLReporter -->
<testsuite hostname="DESKTOP-05ECBNF" ignored="0" name="Test suite 1" tests="4" failures="0" timestamp="20 Feb 2020 06:21:03 GMT" time="0.066" errors="0">
  <testcase name="firstTestCase" time="0.025" classname="com.qait.TestNGProject.Class2"/>
  <testcase name="secondTestCase" time="0.0" classname="com.qait.TestNGProject.Class2"/>
  <testcase name="firstTestCase" time="0.001" classname="com.qait.TestNGProject.Classone"/>
  <testcase name="secondTestCase" time="0.0" classname="com.qait.TestNGProject.Classone"/>
</testsuite> <!-- Test suite 1 -->
